<?xml version="1.0" encoding="UTF-8"?>
<testng-results ignored="0" total="4" passed="4" failed="0" skipped="0">
  <reporter-output>
  </reporter-output>
  <suite started-at="2023-12-13T02:22:24 EST" name="Default suite" finished-at="2023-12-13T02:22:46 EST" duration-ms="21883">
    <groups>
    </groups>
    <test started-at="2023-12-13T02:22:24 EST" name="Default test" finished-at="2023-12-13T02:22:46 EST" duration-ms="21883">
      <class name="Test.publicformtest">
        <test-method signature="fillpublicform(java.lang.String,java.lang.String,java.lang.String,java.lang.String,java.lang.String,java.lang.String,java.lang.String,java.lang.String,java.lang.String,java.lang.String,java.lang.String,java.lang.String,java.lang.String)[pri:0, instance:Test.publicformtest@388526fb]" started-at="2023-12-13T02:22:24 EST" name="fillpublicform" data-provider="supplierdata" finished-at="2023-12-13T02:22:30 EST" duration-ms="5406" status="PASS">
          <params>
            <param index="0">
              <value>
                <![CDATA[Houston ]]>
              </value>
            </param>
            <param index="1">
              <value>
                <![CDATA[Lee]]>
              </value>
            </param>
            <param index="2">
              <value>
                <![CDATA[Lee@yopmail.com]]>
              </value>
            </param>
            <param index="3">
              <value>
                <![CDATA[985877854]]>
              </value>
            </param>
            <param index="4">
              <value>
                <![CDATA[587874589]]>
              </value>
            </param>
            <param index="5">
              <value>
                <![CDATA[Furniture Farm]]>
              </value>
            </param>
            <param index="6">
              <value>
                <![CDATA[www.acrocorp.com]]>
              </value>
            </param>
            <param index="7">
              <value>
                <![CDATA[2012]]>
              </value>
            </param>
            <param index="8">
              <value>
                <![CDATA[New Street ]]>
              </value>
            </param>
            <param index="9">
              <value>
                <![CDATA[Fleet]]>
              </value>
            </param>
            <param index="10">
              <value>
                <![CDATA[99835]]>
              </value>
            </param>
            <param index="11">
              <value>
                <![CDATA[9989325789]]>
              </value>
            </param>
            <param index="12">
              <value>
                <![CDATA[78945]]>
              </value>
            </param>
          </params>
          <reporter-output>
          </reporter-output>
        </test-method> <!-- fillpublicform -->
        <test-method signature="fillpublicform(java.lang.String,java.lang.String,java.lang.String,java.lang.String,java.lang.String,java.lang.String,java.lang.String,java.lang.String,java.lang.String,java.lang.String,java.lang.String,java.lang.String,java.lang.String)[pri:0, instance:Test.publicformtest@388526fb]" started-at="2023-12-13T02:22:30 EST" name="fillpublicform" data-provider="supplierdata" finished-at="2023-12-13T02:22:34 EST" duration-ms="4723" status="PASS">
          <params>
            <param index="0">
              <value>
                <![CDATA[Adam ]]>
              </value>
            </param>
            <param index="1">
              <value>
                <![CDATA[Gilchrist]]>
              </value>
            </param>
            <param index="2">
              <value>
                <![CDATA[Gilchrist@yopmial.com]]>
              </value>
            </param>
            <param index="3">
              <value>
                <![CDATA[985877878]]>
              </value>
            </param>
            <param index="4">
              <value>
                <![CDATA[587874885]]>
              </value>
            </param>
            <param index="5">
              <value>
                <![CDATA[Chair House ]]>
              </value>
            </param>
            <param index="6">
              <value>
                <![CDATA[www.acrocorp.com]]>
              </value>
            </param>
            <param index="7">
              <value>
                <![CDATA[2005]]>
              </value>
            </param>
            <param index="8">
              <value>
                <![CDATA[1st street ]]>
              </value>
            </param>
            <param index="9">
              <value>
                <![CDATA[Sitka]]>
              </value>
            </param>
            <param index="10">
              <value>
                <![CDATA[87546]]>
              </value>
            </param>
            <param index="11">
              <value>
                <![CDATA[7894546533]]>
              </value>
            </param>
            <param index="12">
              <value>
                <![CDATA[78789]]>
              </value>
            </param>
          </params>
          <reporter-output>
          </reporter-output>
        </test-method> <!-- fillpublicform -->
        <test-method signature="fillpublicform(java.lang.String,java.lang.String,java.lang.String,java.lang.String,java.lang.String,java.lang.String,java.lang.String,java.lang.String,java.lang.String,java.lang.String,java.lang.String,java.lang.String,java.lang.String)[pri:0, instance:Test.publicformtest@388526fb]" started-at="2023-12-13T02:22:34 EST" name="fillpublicform" data-provider="supplierdata" finished-at="2023-12-13T02:22:39 EST" duration-ms="4600" status="PASS">
          <params>
            <param index="0">
              <value>
                <![CDATA[Isabelle ]]>
              </value>
            </param>
            <param index="1">
              <value>
                <![CDATA[Levy]]>
              </value>
            </param>
            <param index="2">
              <value>
                <![CDATA[Levy@yopmail.com]]>
              </value>
            </param>
            <param index="3">
              <value>
                <![CDATA[859647859]]>
              </value>
            </param>
            <param index="4">
              <value>
                <![CDATA[127874885]]>
              </value>
            </param>
            <param index="5">
              <value>
                <![CDATA[Random House ]]>
              </value>
            </param>
            <param index="6">
              <value>
                <![CDATA[www.acrocorp.com]]>
              </value>
            </param>
            <param index="7">
              <value>
                <![CDATA[2020]]>
              </value>
            </param>
            <param index="8">
              <value>
                <![CDATA[4264 Cherry Tree Drive]]>
              </value>
            </param>
            <param index="9">
              <value>
                <![CDATA[Jacksonville]]>
              </value>
            </param>
            <param index="10">
              <value>
                <![CDATA[32205]]>
              </value>
            </param>
            <param index="11">
              <value>
                <![CDATA[904-381-7515]]>
              </value>
            </param>
            <param index="12">
              <value>
                <![CDATA[78456]]>
              </value>
            </param>
          </params>
          <reporter-output>
          </reporter-output>
        </test-method> <!-- fillpublicform -->
        <test-method signature="fillpublicform(java.lang.String,java.lang.String,java.lang.String,java.lang.String,java.lang.String,java.lang.String,java.lang.String,java.lang.String,java.lang.String,java.lang.String,java.lang.String,java.lang.String,java.lang.String)[pri:0, instance:Test.publicformtest@388526fb]" started-at="2023-12-13T02:22:39 EST" name="fillpublicform" data-provider="supplierdata" finished-at="2023-12-13T02:22:46 EST" duration-ms="6442" status="PASS">
          <params>
            <param index="0">
              <value>
                <![CDATA[Titus ]]>
              </value>
            </param>
            <param index="1">
              <value>
                <![CDATA[Villalobos]]>
              </value>
            </param>
            <param index="2">
              <value>
                <![CDATA[Villalobos@yopmail.com]]>
              </value>
            </param>
            <param index="3">
              <value>
                <![CDATA[859787859]]>
              </value>
            </param>
            <param index="4">
              <value>
                <![CDATA[127874784]]>
              </value>
            </param>
            <param index="5">
              <value>
                <![CDATA[infobell ]]>
              </value>
            </param>
            <param index="6">
              <value>
                <![CDATA[www.acrocorp.com]]>
              </value>
            </param>
            <param index="7">
              <value>
                <![CDATA[2015]]>
              </value>
            </param>
            <param index="8">
              <value>
                <![CDATA[4009 Langtown Road]]>
              </value>
            </param>
            <param index="9">
              <value>
                <![CDATA[ Davenport]]>
              </value>
            </param>
            <param index="10">
              <value>
                <![CDATA[52803]]>
              </value>
            </param>
            <param index="11">
              <value>
                <![CDATA[563-657-7496]]>
              </value>
            </param>
            <param index="12">
              <value>
                <![CDATA[25694]]>
              </value>
            </param>
          </params>
          <reporter-output>
          </reporter-output>
        </test-method> <!-- fillpublicform -->
      </class> <!-- Test.publicformtest -->
    </test> <!-- Default test -->
  </suite> <!-- Default suite -->
</testng-results>
