<?xml version="1.0" encoding="UTF-8"?>
<testng-results ignored="0" total="1" passed="1" failed="0" skipped="0">
  <reporter-output>
  </reporter-output>
  <suite started-at="2023-12-12T03:23:33 EST" name="Default suite" finished-at="2023-12-12T03:23:40 EST" duration-ms="7345">
    <groups>
    </groups>
    <test started-at="2023-12-12T03:23:33 EST" name="Default test" finished-at="2023-12-12T03:23:40 EST" duration-ms="7345">
      <class name="Test.Logintest">
        <test-method signature="loginsuppllier(java.lang.String,java.lang.String,java.lang.String,java.lang.String,java.lang.String)[pri:0, instance:Test.Logintest@5505ae1a]" started-at="2023-12-12T03:23:33 EST" name="loginsuppllier" data-provider="labourcategory" finished-at="2023-12-12T03:23:40 EST" duration-ms="6809" status="PASS">
          <params>
            <param index="0">
              <value>
                <![CDATA[http://172.16.0.21/SupplierPortal_QA]]>
              </value>
            </param>
            <param index="1">
              <value>
                <![CDATA[devendra.pandya@acrocorp.com]]>
              </value>
            </param>
            <param index="2">
              <value>
                <![CDATA[Qwerty@123]]>
              </value>
            </param>
            <param index="3">
              <value>
                <![CDATA[Test7dec]]>
              </value>
            </param>
            <param index="4">
              <value>
                <![CDATA[acc]]>
              </value>
            </param>
          </params>
          <reporter-output>
          </reporter-output>
        </test-method> <!-- loginsuppllier -->
      </class> <!-- Test.Logintest -->
    </test> <!-- Default test -->
  </suite> <!-- Default suite -->
</testng-results>
