<?xml version="1.0" encoding="UTF-8"?>
<!-- Generated by org.testng.reporters.JUnitXMLReporter -->
<testsuite ignored="0" hostname="ACRODSKAT9" failures="0" tests="4" name="Default test" time="21.883" errors="0" timestamp="2023-12-13T02:22:46 EST">
  <testcase classname="Test.publicformtest" name="fillpublicform" time="5.406"/>
  <testcase classname="Test.publicformtest" name="fillpublicform" time="4.723"/>
  <testcase classname="Test.publicformtest" name="fillpublicform" time="4.6"/>
  <testcase classname="Test.publicformtest" name="fillpublicform" time="6.442"/>
</testsuite> <!-- Default test -->
